<?xml version="1.0" encoding="UTF-8"?>
<testng-results total="11" passed="7" failed="1" skipped="3">
  <reporter-output>
  </reporter-output>
  <suite started-at="2024-09-21T06:06:23Z" name="Default suite" finished-at="2024-09-21T06:07:44Z" duration-ms="80878">
    <groups>
      <group name="regression">
        <method signature="AjioBeauty.backPage(java.lang.String, java.lang.String)[pri:6, instance:com.ajio.AjioBeauty@7bd7d6d6]" name="backPage" class="com.ajio.AjioBeauty"/>
        <method signature="AjioBeauty.boardOrder(java.lang.String)[pri:5, instance:com.ajio.AjioBeauty@7bd7d6d6]" name="boardOrder" class="com.ajio.AjioBeauty"/>
        <method signature="AjioBeauty.shopByCategory()[pri:3, instance:com.ajio.AjioBeauty@7bd7d6d6]" name="shopByCategory" class="com.ajio.AjioBeauty"/>
        <method signature="AjioBeauty.validateSportsShop()[pri:1, instance:com.ajio.AjioBeauty@7bd7d6d6]" name="validateSportsShop" class="com.ajio.AjioBeauty"/>
      </group> <!-- regression -->
      <group name="sanity">
        <method signature="AjioBeauty.clickOnOutdoorGames(java.lang.String)[pri:2, instance:com.ajio.AjioBeauty@7bd7d6d6]" name="clickOnOutdoorGames" class="com.ajio.AjioBeauty"/>
        <method signature="AjioBeauty.clickOnSports()[pri:0, instance:com.ajio.AjioBeauty@7bd7d6d6]" name="clickOnSports" class="com.ajio.AjioBeauty"/>
        <method signature="AjioBeauty.skateBoarding()[pri:4, instance:com.ajio.AjioBeauty@7bd7d6d6]" name="skateBoarding" class="com.ajio.AjioBeauty"/>
      </group> <!-- sanity -->
    </groups>
    <test started-at="2024-09-21T06:06:23Z" name="Default test" finished-at="2024-09-21T06:07:44Z" duration-ms="80878">
      <class name="com.ajio.AjioBeauty">
        <test-method is-config="true" signature="beforSuite()[pri:0, instance:com.ajio.AjioBeauty@7bd7d6d6]" started-at="2024-09-21T11:36:23Z" name="beforSuite" finished-at="2024-09-21T11:36:23Z" duration-ms="14" status="PASS">
          <reporter-output>
          </reporter-output>
        </test-method> <!-- beforSuite -->
        <test-method is-config="true" signature="beforeTest()[pri:0, instance:com.ajio.AjioBeauty@7bd7d6d6]" started-at="2024-09-21T11:36:23Z" name="beforeTest" finished-at="2024-09-21T11:36:23Z" duration-ms="0" status="PASS">
          <reporter-output>
          </reporter-output>
        </test-method> <!-- beforeTest -->
        <test-method is-config="true" signature="launchUrl()[pri:0, instance:com.ajio.AjioBeauty@7bd7d6d6]" started-at="2024-09-21T11:36:23Z" name="launchUrl" finished-at="2024-09-21T11:36:31Z" duration-ms="8692" status="PASS">
          <reporter-output>
          </reporter-output>
        </test-method> <!-- launchUrl -->
        <test-method is-config="true" signature="Before()[pri:0, instance:com.ajio.AjioBeauty@7bd7d6d6]" started-at="2024-09-21T11:36:31Z" name="Before" finished-at="2024-09-21T11:36:31Z" duration-ms="1" status="PASS">
          <reporter-output>
          </reporter-output>
        </test-method> <!-- Before -->
        <test-method signature="clickOnSports()[pri:0, instance:com.ajio.AjioBeauty@7bd7d6d6]" started-at="2024-09-21T11:36:31Z" name="clickOnSports" finished-at="2024-09-21T11:36:35Z" duration-ms="3884" status="PASS">
          <reporter-output>
          </reporter-output>
        </test-method> <!-- clickOnSports -->
        <test-method is-config="true" signature="After()[pri:0, instance:com.ajio.AjioBeauty@7bd7d6d6]" started-at="2024-09-21T11:36:35Z" name="After" finished-at="2024-09-21T11:36:35Z" duration-ms="1" status="PASS">
          <reporter-output>
          </reporter-output>
        </test-method> <!-- After -->
        <test-method is-config="true" signature="Before()[pri:0, instance:com.ajio.AjioBeauty@7bd7d6d6]" started-at="2024-09-21T11:36:35Z" name="Before" finished-at="2024-09-21T11:36:35Z" duration-ms="1" status="PASS">
          <reporter-output>
          </reporter-output>
        </test-method> <!-- Before -->
        <test-method signature="validateSportsShop()[pri:1, instance:com.ajio.AjioBeauty@7bd7d6d6]" started-at="2024-09-21T11:36:35Z" name="validateSportsShop" finished-at="2024-09-21T11:36:40Z" duration-ms="4296" status="PASS">
          <reporter-output>
          </reporter-output>
        </test-method> <!-- validateSportsShop -->
        <test-method is-config="true" signature="After()[pri:0, instance:com.ajio.AjioBeauty@7bd7d6d6]" started-at="2024-09-21T11:36:40Z" name="After" finished-at="2024-09-21T11:36:40Z" duration-ms="0" status="PASS">
          <reporter-output>
          </reporter-output>
        </test-method> <!-- After -->
        <test-method signature="clickOnOutdoorGames(java.lang.String)[pri:2, instance:com.ajio.AjioBeauty@7bd7d6d6]" started-at="2024-09-21T11:36:40Z" name="clickOnOutdoorGames" data-provider="data" finished-at="2024-09-21T11:36:43Z" duration-ms="3282" status="SKIP">
          <params>
            <param index="0">
              <value>
                <![CDATA[outdoor]]>
              </value>
            </param>
          </params>
          <exception class="java.lang.AssertionError">
            <message>
              <![CDATA[The following asserts failed:
	Assertion failure in the Webelement Text expected [outdoor] but found [Outdoor Sports]]]>
            </message>
            <full-stacktrace>
              <![CDATA[java.lang.AssertionError: The following asserts failed:
	Assertion failure in the Webelement Text expected [outdoor] but found [Outdoor Sports]
	at org.testng.asserts.SoftAssert.assertAll(SoftAssert.java:43)
	at com.ajio.AjioBeauty.clickOnOutdoorGames(AjioBeauty.java:174)
	at java.base/jdk.internal.reflect.DirectMethodHandleAccessor.invoke(DirectMethodHandleAccessor.java:104)
	at java.base/java.lang.reflect.Method.invoke(Method.java:578)
	at org.testng.internal.MethodInvocationHelper.invokeMethod(MethodInvocationHelper.java:86)
	at org.testng.internal.Invoker.invokeMethod(Invoker.java:643)
	at org.testng.internal.Invoker.invokeTestMethod(Invoker.java:820)
	at org.testng.internal.Invoker.invokeTestMethods(Invoker.java:1128)
	at org.testng.internal.TestMethodWorker.invokeTestMethods(TestMethodWorker.java:129)
	at org.testng.internal.TestMethodWorker.run(TestMethodWorker.java:112)
	at org.testng.TestRunner.privateRun(TestRunner.java:782)
	at org.testng.TestRunner.run(TestRunner.java:632)
	at org.testng.SuiteRunner.runTest(SuiteRunner.java:366)
	at org.testng.SuiteRunner.runSequentially(SuiteRunner.java:361)
	at org.testng.SuiteRunner.privateRun(SuiteRunner.java:319)
	at org.testng.SuiteRunner.run(SuiteRunner.java:268)
	at org.testng.SuiteRunnerWorker.runSuite(SuiteRunnerWorker.java:52)
	at org.testng.SuiteRunnerWorker.run(SuiteRunnerWorker.java:86)
	at org.testng.TestNG.runSuitesSequentially(TestNG.java:1244)
	at org.testng.TestNG.runSuitesLocally(TestNG.java:1169)
	at org.testng.TestNG.run(TestNG.java:1064)
	at org.testng.remote.AbstractRemoteTestNG.run(AbstractRemoteTestNG.java:115)
	at org.testng.remote.RemoteTestNG.initAndRun(RemoteTestNG.java:251)
	at org.testng.remote.RemoteTestNG.main(RemoteTestNG.java:77)
]]>
            </full-stacktrace>
          </exception> <!-- java.lang.AssertionError -->
          <reporter-output>
          </reporter-output>
        </test-method> <!-- clickOnOutdoorGames -->
        <test-method is-config="true" signature="Before()[pri:0, instance:com.ajio.AjioBeauty@7bd7d6d6]" started-at="2024-09-21T11:36:40Z" name="Before" finished-at="2024-09-21T11:36:40Z" duration-ms="0" status="PASS">
          <reporter-output>
          </reporter-output>
        </test-method> <!-- Before -->
        <test-method is-config="true" signature="After()[pri:0, instance:com.ajio.AjioBeauty@7bd7d6d6]" started-at="2024-09-21T11:36:43Z" name="After" finished-at="2024-09-21T11:36:43Z" duration-ms="1" status="PASS">
          <reporter-output>
          </reporter-output>
        </test-method> <!-- After -->
        <test-method signature="clickOnOutdoorGames(java.lang.String)[pri:2, instance:com.ajio.AjioBeauty@7bd7d6d6]" started-at="2024-09-21T11:36:43Z" name="clickOnOutdoorGames" data-provider="data" finished-at="2024-09-21T11:36:48Z" duration-ms="5172" status="SKIP">
          <params>
            <param index="0">
              <value>
                <![CDATA[outdoor]]>
              </value>
            </param>
          </params>
          <exception class="org.openqa.selenium.NoSuchElementException">
            <message>
              <![CDATA[no such element: Unable to locate element: {"method":"xpath","selector":"//div[text()='Outdoor Sports']"}
  (Session info: chrome=128.0.6613.138)
For documentation on this error, please visit: https://www.selenium.dev/documentation/webdriver/troubleshooting/errors#no-such-element-exception
Build info: version: '4.10.0', revision: 'c14d967899'
System info: os.name: 'Windows 10', os.arch: 'amd64', os.version: '10.0', java.version: '20.0.2'
Driver info: org.openqa.selenium.chrome.ChromeDriver
Command: [4addb4433928eb5dbc9f559d84a2ea06, findElement {using=xpath, value=//div[text()='Outdoor Sports']}]
Capabilities {acceptInsecureCerts: false, browserName: chrome, browserVersion: 128.0.6613.138, chrome: {chromedriverVersion: 128.0.6613.137 (fe621c5aa2d..., userDataDir: C:\Users\SIBI\AppData\Local...}, fedcm:accounts: true, goog:chromeOptions: {debuggerAddress: localhost:50808}, networkConnectionEnabled: false, pageLoadStrategy: normal, platformName: windows, proxy: Proxy(), se:cdp: ws://localhost:50808/devtoo..., se:cdpVersion: 128.0.6613.138, setWindowRect: true, strictFileInteractability: false, timeouts: {implicit: 0, pageLoad: 300000, script: 30000}, unhandledPromptBehavior: dismiss and notify, webauthn:extension:credBlob: true, webauthn:extension:largeBlob: true, webauthn:extension:minPinLength: true, webauthn:extension:prf: true, webauthn:virtualAuthenticators: true}
Session ID: 4addb4433928eb5dbc9f559d84a2ea06]]>
            </message>
            <full-stacktrace>
              <![CDATA[org.openqa.selenium.NoSuchElementException: no such element: Unable to locate element: {"method":"xpath","selector":"//div[text()='Outdoor Sports']"}
  (Session info: chrome=128.0.6613.138)
For documentation on this error, please visit: https://www.selenium.dev/documentation/webdriver/troubleshooting/errors#no-such-element-exception
Build info: version: '4.10.0', revision: 'c14d967899'
System info: os.name: 'Windows 10', os.arch: 'amd64', os.version: '10.0', java.version: '20.0.2'
Driver info: org.openqa.selenium.chrome.ChromeDriver
Command: [4addb4433928eb5dbc9f559d84a2ea06, findElement {using=xpath, value=//div[text()='Outdoor Sports']}]
Capabilities {acceptInsecureCerts: false, browserName: chrome, browserVersion: 128.0.6613.138, chrome: {chromedriverVersion: 128.0.6613.137 (fe621c5aa2d..., userDataDir: C:\Users\SIBI\AppData\Local...}, fedcm:accounts: true, goog:chromeOptions: {debuggerAddress: localhost:50808}, networkConnectionEnabled: false, pageLoadStrategy: normal, platformName: windows, proxy: Proxy(), se:cdp: ws://localhost:50808/devtoo..., se:cdpVersion: 128.0.6613.138, setWindowRect: true, strictFileInteractability: false, timeouts: {implicit: 0, pageLoad: 300000, script: 30000}, unhandledPromptBehavior: dismiss and notify, webauthn:extension:credBlob: true, webauthn:extension:largeBlob: true, webauthn:extension:minPinLength: true, webauthn:extension:prf: true, webauthn:virtualAuthenticators: true}
Session ID: 4addb4433928eb5dbc9f559d84a2ea06
	at java.base/jdk.internal.reflect.DirectConstructorHandleAccessor.newInstance(DirectConstructorHandleAccessor.java:67)
	at java.base/java.lang.reflect.Constructor.newInstanceWithCaller(Constructor.java:500)
	at java.base/java.lang.reflect.Constructor.newInstance(Constructor.java:484)
	at org.openqa.selenium.remote.codec.w3c.W3CHttpResponseCodec.createException(W3CHttpResponseCodec.java:199)
	at org.openqa.selenium.remote.codec.w3c.W3CHttpResponseCodec.decode(W3CHttpResponseCodec.java:132)
	at org.openqa.selenium.remote.codec.w3c.W3CHttpResponseCodec.decode(W3CHttpResponseCodec.java:51)
	at org.openqa.selenium.remote.HttpCommandExecutor.execute(HttpCommandExecutor.java:191)
	at org.openqa.selenium.remote.service.DriverCommandExecutor.invokeExecute(DriverCommandExecutor.java:196)
	at org.openqa.selenium.remote.service.DriverCommandExecutor.execute(DriverCommandExecutor.java:171)
	at org.openqa.selenium.remote.RemoteWebDriver.execute(RemoteWebDriver.java:531)
	at org.openqa.selenium.remote.ElementLocation$ElementFinder$2.findElement(ElementLocation.java:165)
	at org.openqa.selenium.remote.ElementLocation.findElement(ElementLocation.java:59)
	at org.openqa.selenium.remote.RemoteWebDriver.findElement(RemoteWebDriver.java:350)
	at org.openqa.selenium.remote.RemoteWebDriver.findElement(RemoteWebDriver.java:344)
	at com.ajio.AjioBeauty.clickOnOutdoorGames(AjioBeauty.java:167)
	at java.base/jdk.internal.reflect.DirectMethodHandleAccessor.invoke(DirectMethodHandleAccessor.java:104)
	at java.base/java.lang.reflect.Method.invoke(Method.java:578)
	at org.testng.internal.MethodInvocationHelper.invokeMethod(MethodInvocationHelper.java:86)
	at org.testng.internal.Invoker.invokeMethod(Invoker.java:643)
	at org.testng.internal.Invoker.retryFailed(Invoker.java:967)
	at org.testng.internal.Invoker.invokeTestMethods(Invoker.java:1146)
	at org.testng.internal.TestMethodWorker.invokeTestMethods(TestMethodWorker.java:129)
	at org.testng.internal.TestMethodWorker.run(TestMethodWorker.java:112)
	at org.testng.TestRunner.privateRun(TestRunner.java:782)
	at org.testng.TestRunner.run(TestRunner.java:632)
	at org.testng.SuiteRunner.runTest(SuiteRunner.java:366)
	at org.testng.SuiteRunner.runSequentially(SuiteRunner.java:361)
	at org.testng.SuiteRunner.privateRun(SuiteRunner.java:319)
	at org.testng.SuiteRunner.run(SuiteRunner.java:268)
	at org.testng.SuiteRunnerWorker.runSuite(SuiteRunnerWorker.java:52)
	at org.testng.SuiteRunnerWorker.run(SuiteRunnerWorker.java:86)
	at org.testng.TestNG.runSuitesSequentially(TestNG.java:1244)
	at org.testng.TestNG.runSuitesLocally(TestNG.java:1169)
	at org.testng.TestNG.run(TestNG.java:1064)
	at org.testng.remote.AbstractRemoteTestNG.run(AbstractRemoteTestNG.java:115)
	at org.testng.remote.RemoteTestNG.initAndRun(RemoteTestNG.java:251)
	at org.testng.remote.RemoteTestNG.main(RemoteTestNG.java:77)
]]>
            </full-stacktrace>
          </exception> <!-- org.openqa.selenium.NoSuchElementException -->
          <reporter-output>
          </reporter-output>
        </test-method> <!-- clickOnOutdoorGames -->
        <test-method is-config="true" signature="Before()[pri:0, instance:com.ajio.AjioBeauty@7bd7d6d6]" started-at="2024-09-21T11:36:43Z" name="Before" finished-at="2024-09-21T11:36:43Z" duration-ms="0" status="PASS">
          <reporter-output>
          </reporter-output>
        </test-method> <!-- Before -->
        <test-method is-config="true" signature="After()[pri:0, instance:com.ajio.AjioBeauty@7bd7d6d6]" started-at="2024-09-21T11:36:48Z" name="After" finished-at="2024-09-21T11:36:48Z" duration-ms="1" status="PASS">
          <reporter-output>
          </reporter-output>
        </test-method> <!-- After -->
        <test-method is-config="true" signature="Before()[pri:0, instance:com.ajio.AjioBeauty@7bd7d6d6]" started-at="2024-09-21T11:36:48Z" name="Before" finished-at="2024-09-21T11:36:48Z" duration-ms="1" status="PASS">
          <reporter-output>
          </reporter-output>
        </test-method> <!-- Before -->
        <test-method signature="clickOnOutdoorGames(java.lang.String)[pri:2, instance:com.ajio.AjioBeauty@7bd7d6d6]" started-at="2024-09-21T11:36:48Z" name="clickOnOutdoorGames" data-provider="data" finished-at="2024-09-21T11:36:53Z" duration-ms="5093" status="SKIP">
          <params>
            <param index="0">
              <value>
                <![CDATA[outdoor]]>
              </value>
            </param>
          </params>
          <exception class="org.openqa.selenium.NoSuchElementException">
            <message>
              <![CDATA[no such element: Unable to locate element: {"method":"xpath","selector":"//div[text()='Outdoor Sports']"}
  (Session info: chrome=128.0.6613.138)
For documentation on this error, please visit: https://www.selenium.dev/documentation/webdriver/troubleshooting/errors#no-such-element-exception
Build info: version: '4.10.0', revision: 'c14d967899'
System info: os.name: 'Windows 10', os.arch: 'amd64', os.version: '10.0', java.version: '20.0.2'
Driver info: org.openqa.selenium.chrome.ChromeDriver
Command: [4addb4433928eb5dbc9f559d84a2ea06, findElement {using=xpath, value=//div[text()='Outdoor Sports']}]
Capabilities {acceptInsecureCerts: false, browserName: chrome, browserVersion: 128.0.6613.138, chrome: {chromedriverVersion: 128.0.6613.137 (fe621c5aa2d..., userDataDir: C:\Users\SIBI\AppData\Local...}, fedcm:accounts: true, goog:chromeOptions: {debuggerAddress: localhost:50808}, networkConnectionEnabled: false, pageLoadStrategy: normal, platformName: windows, proxy: Proxy(), se:cdp: ws://localhost:50808/devtoo..., se:cdpVersion: 128.0.6613.138, setWindowRect: true, strictFileInteractability: false, timeouts: {implicit: 0, pageLoad: 300000, script: 30000}, unhandledPromptBehavior: dismiss and notify, webauthn:extension:credBlob: true, webauthn:extension:largeBlob: true, webauthn:extension:minPinLength: true, webauthn:extension:prf: true, webauthn:virtualAuthenticators: true}
Session ID: 4addb4433928eb5dbc9f559d84a2ea06]]>
            </message>
            <full-stacktrace>
              <![CDATA[org.openqa.selenium.NoSuchElementException: no such element: Unable to locate element: {"method":"xpath","selector":"//div[text()='Outdoor Sports']"}
  (Session info: chrome=128.0.6613.138)
For documentation on this error, please visit: https://www.selenium.dev/documentation/webdriver/troubleshooting/errors#no-such-element-exception
Build info: version: '4.10.0', revision: 'c14d967899'
System info: os.name: 'Windows 10', os.arch: 'amd64', os.version: '10.0', java.version: '20.0.2'
Driver info: org.openqa.selenium.chrome.ChromeDriver
Command: [4addb4433928eb5dbc9f559d84a2ea06, findElement {using=xpath, value=//div[text()='Outdoor Sports']}]
Capabilities {acceptInsecureCerts: false, browserName: chrome, browserVersion: 128.0.6613.138, chrome: {chromedriverVersion: 128.0.6613.137 (fe621c5aa2d..., userDataDir: C:\Users\SIBI\AppData\Local...}, fedcm:accounts: true, goog:chromeOptions: {debuggerAddress: localhost:50808}, networkConnectionEnabled: false, pageLoadStrategy: normal, platformName: windows, proxy: Proxy(), se:cdp: ws://localhost:50808/devtoo..., se:cdpVersion: 128.0.6613.138, setWindowRect: true, strictFileInteractability: false, timeouts: {implicit: 0, pageLoad: 300000, script: 30000}, unhandledPromptBehavior: dismiss and notify, webauthn:extension:credBlob: true, webauthn:extension:largeBlob: true, webauthn:extension:minPinLength: true, webauthn:extension:prf: true, webauthn:virtualAuthenticators: true}
Session ID: 4addb4433928eb5dbc9f559d84a2ea06
	at java.base/jdk.internal.reflect.DirectConstructorHandleAccessor.newInstance(DirectConstructorHandleAccessor.java:67)
	at java.base/java.lang.reflect.Constructor.newInstanceWithCaller(Constructor.java:500)
	at java.base/java.lang.reflect.Constructor.newInstance(Constructor.java:484)
	at org.openqa.selenium.remote.codec.w3c.W3CHttpResponseCodec.createException(W3CHttpResponseCodec.java:199)
	at org.openqa.selenium.remote.codec.w3c.W3CHttpResponseCodec.decode(W3CHttpResponseCodec.java:132)
	at org.openqa.selenium.remote.codec.w3c.W3CHttpResponseCodec.decode(W3CHttpResponseCodec.java:51)
	at org.openqa.selenium.remote.HttpCommandExecutor.execute(HttpCommandExecutor.java:191)
	at org.openqa.selenium.remote.service.DriverCommandExecutor.invokeExecute(DriverCommandExecutor.java:196)
	at org.openqa.selenium.remote.service.DriverCommandExecutor.execute(DriverCommandExecutor.java:171)
	at org.openqa.selenium.remote.RemoteWebDriver.execute(RemoteWebDriver.java:531)
	at org.openqa.selenium.remote.ElementLocation$ElementFinder$2.findElement(ElementLocation.java:165)
	at org.openqa.selenium.remote.ElementLocation.findElement(ElementLocation.java:59)
	at org.openqa.selenium.remote.RemoteWebDriver.findElement(RemoteWebDriver.java:350)
	at org.openqa.selenium.remote.RemoteWebDriver.findElement(RemoteWebDriver.java:344)
	at com.ajio.AjioBeauty.clickOnOutdoorGames(AjioBeauty.java:167)
	at java.base/jdk.internal.reflect.DirectMethodHandleAccessor.invoke(DirectMethodHandleAccessor.java:104)
	at java.base/java.lang.reflect.Method.invoke(Method.java:578)
	at org.testng.internal.MethodInvocationHelper.invokeMethod(MethodInvocationHelper.java:86)
	at org.testng.internal.Invoker.invokeMethod(Invoker.java:643)
	at org.testng.internal.Invoker.retryFailed(Invoker.java:967)
	at org.testng.internal.Invoker.invokeTestMethods(Invoker.java:1146)
	at org.testng.internal.TestMethodWorker.invokeTestMethods(TestMethodWorker.java:129)
	at org.testng.internal.TestMethodWorker.run(TestMethodWorker.java:112)
	at org.testng.TestRunner.privateRun(TestRunner.java:782)
	at org.testng.TestRunner.run(TestRunner.java:632)
	at org.testng.SuiteRunner.runTest(SuiteRunner.java:366)
	at org.testng.SuiteRunner.runSequentially(SuiteRunner.java:361)
	at org.testng.SuiteRunner.privateRun(SuiteRunner.java:319)
	at org.testng.SuiteRunner.run(SuiteRunner.java:268)
	at org.testng.SuiteRunnerWorker.runSuite(SuiteRunnerWorker.java:52)
	at org.testng.SuiteRunnerWorker.run(SuiteRunnerWorker.java:86)
	at org.testng.TestNG.runSuitesSequentially(TestNG.java:1244)
	at org.testng.TestNG.runSuitesLocally(TestNG.java:1169)
	at org.testng.TestNG.run(TestNG.java:1064)
	at org.testng.remote.AbstractRemoteTestNG.run(AbstractRemoteTestNG.java:115)
	at org.testng.remote.RemoteTestNG.initAndRun(RemoteTestNG.java:251)
	at org.testng.remote.RemoteTestNG.main(RemoteTestNG.java:77)
]]>
            </full-stacktrace>
          </exception> <!-- org.openqa.selenium.NoSuchElementException -->
          <reporter-output>
          </reporter-output>
        </test-method> <!-- clickOnOutdoorGames -->
        <test-method is-config="true" signature="After()[pri:0, instance:com.ajio.AjioBeauty@7bd7d6d6]" started-at="2024-09-21T11:36:53Z" name="After" finished-at="2024-09-21T11:36:53Z" duration-ms="1" status="PASS">
          <reporter-output>
          </reporter-output>
        </test-method> <!-- After -->
        <test-method signature="clickOnOutdoorGames(java.lang.String)[pri:2, instance:com.ajio.AjioBeauty@7bd7d6d6]" started-at="2024-09-21T11:36:53Z" name="clickOnOutdoorGames" data-provider="data" finished-at="2024-09-21T11:36:58Z" duration-ms="5087" status="FAIL">
          <params>
            <param index="0">
              <value>
                <![CDATA[outdoor]]>
              </value>
            </param>
          </params>
          <exception class="org.openqa.selenium.NoSuchElementException">
            <message>
              <![CDATA[no such element: Unable to locate element: {"method":"xpath","selector":"//div[text()='Outdoor Sports']"}
  (Session info: chrome=128.0.6613.138)
For documentation on this error, please visit: https://www.selenium.dev/documentation/webdriver/troubleshooting/errors#no-such-element-exception
Build info: version: '4.10.0', revision: 'c14d967899'
System info: os.name: 'Windows 10', os.arch: 'amd64', os.version: '10.0', java.version: '20.0.2'
Driver info: org.openqa.selenium.chrome.ChromeDriver
Command: [4addb4433928eb5dbc9f559d84a2ea06, findElement {using=xpath, value=//div[text()='Outdoor Sports']}]
Capabilities {acceptInsecureCerts: false, browserName: chrome, browserVersion: 128.0.6613.138, chrome: {chromedriverVersion: 128.0.6613.137 (fe621c5aa2d..., userDataDir: C:\Users\SIBI\AppData\Local...}, fedcm:accounts: true, goog:chromeOptions: {debuggerAddress: localhost:50808}, networkConnectionEnabled: false, pageLoadStrategy: normal, platformName: windows, proxy: Proxy(), se:cdp: ws://localhost:50808/devtoo..., se:cdpVersion: 128.0.6613.138, setWindowRect: true, strictFileInteractability: false, timeouts: {implicit: 0, pageLoad: 300000, script: 30000}, unhandledPromptBehavior: dismiss and notify, webauthn:extension:credBlob: true, webauthn:extension:largeBlob: true, webauthn:extension:minPinLength: true, webauthn:extension:prf: true, webauthn:virtualAuthenticators: true}
Session ID: 4addb4433928eb5dbc9f559d84a2ea06]]>
            </message>
            <full-stacktrace>
              <![CDATA[org.openqa.selenium.NoSuchElementException: no such element: Unable to locate element: {"method":"xpath","selector":"//div[text()='Outdoor Sports']"}
  (Session info: chrome=128.0.6613.138)
For documentation on this error, please visit: https://www.selenium.dev/documentation/webdriver/troubleshooting/errors#no-such-element-exception
Build info: version: '4.10.0', revision: 'c14d967899'
System info: os.name: 'Windows 10', os.arch: 'amd64', os.version: '10.0', java.version: '20.0.2'
Driver info: org.openqa.selenium.chrome.ChromeDriver
Command: [4addb4433928eb5dbc9f559d84a2ea06, findElement {using=xpath, value=//div[text()='Outdoor Sports']}]
Capabilities {acceptInsecureCerts: false, browserName: chrome, browserVersion: 128.0.6613.138, chrome: {chromedriverVersion: 128.0.6613.137 (fe621c5aa2d..., userDataDir: C:\Users\SIBI\AppData\Local...}, fedcm:accounts: true, goog:chromeOptions: {debuggerAddress: localhost:50808}, networkConnectionEnabled: false, pageLoadStrategy: normal, platformName: windows, proxy: Proxy(), se:cdp: ws://localhost:50808/devtoo..., se:cdpVersion: 128.0.6613.138, setWindowRect: true, strictFileInteractability: false, timeouts: {implicit: 0, pageLoad: 300000, script: 30000}, unhandledPromptBehavior: dismiss and notify, webauthn:extension:credBlob: true, webauthn:extension:largeBlob: true, webauthn:extension:minPinLength: true, webauthn:extension:prf: true, webauthn:virtualAuthenticators: true}
Session ID: 4addb4433928eb5dbc9f559d84a2ea06
	at java.base/jdk.internal.reflect.DirectConstructorHandleAccessor.newInstance(DirectConstructorHandleAccessor.java:67)
	at java.base/java.lang.reflect.Constructor.newInstanceWithCaller(Constructor.java:500)
	at java.base/java.lang.reflect.Constructor.newInstance(Constructor.java:484)
	at org.openqa.selenium.remote.codec.w3c.W3CHttpResponseCodec.createException(W3CHttpResponseCodec.java:199)
	at org.openqa.selenium.remote.codec.w3c.W3CHttpResponseCodec.decode(W3CHttpResponseCodec.java:132)
	at org.openqa.selenium.remote.codec.w3c.W3CHttpResponseCodec.decode(W3CHttpResponseCodec.java:51)
	at org.openqa.selenium.remote.HttpCommandExecutor.execute(HttpCommandExecutor.java:191)
	at org.openqa.selenium.remote.service.DriverCommandExecutor.invokeExecute(DriverCommandExecutor.java:196)
	at org.openqa.selenium.remote.service.DriverCommandExecutor.execute(DriverCommandExecutor.java:171)
	at org.openqa.selenium.remote.RemoteWebDriver.execute(RemoteWebDriver.java:531)
	at org.openqa.selenium.remote.ElementLocation$ElementFinder$2.findElement(ElementLocation.java:165)
	at org.openqa.selenium.remote.ElementLocation.findElement(ElementLocation.java:59)
	at org.openqa.selenium.remote.RemoteWebDriver.findElement(RemoteWebDriver.java:350)
	at org.openqa.selenium.remote.RemoteWebDriver.findElement(RemoteWebDriver.java:344)
	at com.ajio.AjioBeauty.clickOnOutdoorGames(AjioBeauty.java:167)
	at java.base/jdk.internal.reflect.DirectMethodHandleAccessor.invoke(DirectMethodHandleAccessor.java:104)
	at java.base/java.lang.reflect.Method.invoke(Method.java:578)
	at org.testng.internal.MethodInvocationHelper.invokeMethod(MethodInvocationHelper.java:86)
	at org.testng.internal.Invoker.invokeMethod(Invoker.java:643)
	at org.testng.internal.Invoker.retryFailed(Invoker.java:967)
	at org.testng.internal.Invoker.invokeTestMethods(Invoker.java:1146)
	at org.testng.internal.TestMethodWorker.invokeTestMethods(TestMethodWorker.java:129)
	at org.testng.internal.TestMethodWorker.run(TestMethodWorker.java:112)
	at org.testng.TestRunner.privateRun(TestRunner.java:782)
	at org.testng.TestRunner.run(TestRunner.java:632)
	at org.testng.SuiteRunner.runTest(SuiteRunner.java:366)
	at org.testng.SuiteRunner.runSequentially(SuiteRunner.java:361)
	at org.testng.SuiteRunner.privateRun(SuiteRunner.java:319)
	at org.testng.SuiteRunner.run(SuiteRunner.java:268)
	at org.testng.SuiteRunnerWorker.runSuite(SuiteRunnerWorker.java:52)
	at org.testng.SuiteRunnerWorker.run(SuiteRunnerWorker.java:86)
	at org.testng.TestNG.runSuitesSequentially(TestNG.java:1244)
	at org.testng.TestNG.runSuitesLocally(TestNG.java:1169)
	at org.testng.TestNG.run(TestNG.java:1064)
	at org.testng.remote.AbstractRemoteTestNG.run(AbstractRemoteTestNG.java:115)
	at org.testng.remote.RemoteTestNG.initAndRun(RemoteTestNG.java:251)
	at org.testng.remote.RemoteTestNG.main(RemoteTestNG.java:77)
]]>
            </full-stacktrace>
          </exception> <!-- org.openqa.selenium.NoSuchElementException -->
          <reporter-output>
          </reporter-output>
        </test-method> <!-- clickOnOutdoorGames -->
        <test-method is-config="true" signature="Before()[pri:0, instance:com.ajio.AjioBeauty@7bd7d6d6]" started-at="2024-09-21T11:36:53Z" name="Before" finished-at="2024-09-21T11:36:53Z" duration-ms="0" status="PASS">
          <reporter-output>
          </reporter-output>
        </test-method> <!-- Before -->
        <test-method is-config="true" signature="After()[pri:0, instance:com.ajio.AjioBeauty@7bd7d6d6]" started-at="2024-09-21T11:36:58Z" name="After" finished-at="2024-09-21T11:36:58Z" duration-ms="0" status="PASS">
          <reporter-output>
          </reporter-output>
        </test-method> <!-- After -->
        <test-method is-config="true" signature="Before()[pri:0, instance:com.ajio.AjioBeauty@7bd7d6d6]" started-at="2024-09-21T11:36:58Z" name="Before" finished-at="2024-09-21T11:36:58Z" duration-ms="0" status="PASS">
          <reporter-output>
          </reporter-output>
        </test-method> <!-- Before -->
        <test-method signature="shopByCategory()[pri:3, instance:com.ajio.AjioBeauty@7bd7d6d6]" started-at="2024-09-21T11:36:58Z" name="shopByCategory" finished-at="2024-09-21T11:36:59Z" duration-ms="453" status="PASS">
          <reporter-output>
          </reporter-output>
        </test-method> <!-- shopByCategory -->
        <test-method is-config="true" signature="After()[pri:0, instance:com.ajio.AjioBeauty@7bd7d6d6]" started-at="2024-09-21T11:36:59Z" name="After" finished-at="2024-09-21T11:36:59Z" duration-ms="0" status="PASS">
          <reporter-output>
          </reporter-output>
        </test-method> <!-- After -->
        <test-method signature="skateBoarding()[pri:4, instance:com.ajio.AjioBeauty@7bd7d6d6]" started-at="2024-09-21T11:36:59Z" name="skateBoarding" finished-at="2024-09-21T11:37:03Z" duration-ms="3952" status="PASS">
          <reporter-output>
          </reporter-output>
        </test-method> <!-- skateBoarding -->
        <test-method is-config="true" signature="Before()[pri:0, instance:com.ajio.AjioBeauty@7bd7d6d6]" started-at="2024-09-21T11:36:59Z" name="Before" finished-at="2024-09-21T11:36:59Z" duration-ms="0" status="PASS">
          <reporter-output>
          </reporter-output>
        </test-method> <!-- Before -->
        <test-method is-config="true" signature="After()[pri:0, instance:com.ajio.AjioBeauty@7bd7d6d6]" started-at="2024-09-21T11:37:03Z" name="After" finished-at="2024-09-21T11:37:03Z" duration-ms="0" status="PASS">
          <reporter-output>
          </reporter-output>
        </test-method> <!-- After -->
        <test-method is-config="true" signature="Before()[pri:0, instance:com.ajio.AjioBeauty@7bd7d6d6]" started-at="2024-09-21T11:37:03Z" name="Before" finished-at="2024-09-21T11:37:03Z" duration-ms="1" status="PASS">
          <reporter-output>
          </reporter-output>
        </test-method> <!-- Before -->
        <test-method signature="boardOrder(java.lang.String)[pri:5, instance:com.ajio.AjioBeauty@7bd7d6d6]" started-at="2024-09-21T11:37:03Z" name="boardOrder" data-provider="data1" finished-at="2024-09-21T11:37:06Z" duration-ms="3651" status="PASS">
          <params>
            <param index="0">
              <value>
                <![CDATA[Skateboard]]>
              </value>
            </param>
          </params>
          <reporter-output>
          </reporter-output>
        </test-method> <!-- boardOrder -->
        <test-method is-config="true" signature="After()[pri:0, instance:com.ajio.AjioBeauty@7bd7d6d6]" started-at="2024-09-21T11:37:06Z" name="After" finished-at="2024-09-21T11:37:06Z" duration-ms="0" status="PASS">
          <reporter-output>
          </reporter-output>
        </test-method> <!-- After -->
        <test-method is-config="true" signature="Before()[pri:0, instance:com.ajio.AjioBeauty@7bd7d6d6]" started-at="2024-09-21T11:37:06Z" name="Before" finished-at="2024-09-21T11:37:06Z" duration-ms="0" status="PASS">
          <reporter-output>
          </reporter-output>
        </test-method> <!-- Before -->
        <test-method signature="boardOrder(java.lang.String)[pri:5, instance:com.ajio.AjioBeauty@7bd7d6d6]" started-at="2024-09-21T11:37:06Z" name="boardOrder" data-provider="data1" finished-at="2024-09-21T11:37:16Z" duration-ms="10048" status="PASS">
          <params>
            <param index="0">
              <value>
                <![CDATA[LongBoard]]>
              </value>
            </param>
          </params>
          <reporter-output>
          </reporter-output>
        </test-method> <!-- boardOrder -->
        <test-method is-config="true" signature="After()[pri:0, instance:com.ajio.AjioBeauty@7bd7d6d6]" started-at="2024-09-21T11:37:16Z" name="After" finished-at="2024-09-21T11:37:16Z" duration-ms="0" status="PASS">
          <reporter-output>
          </reporter-output>
        </test-method> <!-- After -->
        <test-method is-config="true" signature="Before()[pri:0, instance:com.ajio.AjioBeauty@7bd7d6d6]" started-at="2024-09-21T11:37:16Z" name="Before" finished-at="2024-09-21T11:37:16Z" duration-ms="0" status="PASS">
          <reporter-output>
          </reporter-output>
        </test-method> <!-- Before -->
        <test-method signature="backPage(java.lang.String, java.lang.String)[pri:6, instance:com.ajio.AjioBeauty@7bd7d6d6]" started-at="2024-09-21T11:37:16Z" name="backPage" data-provider="data2" finished-at="2024-09-21T11:37:43Z" duration-ms="26641" status="PASS">
          <params>
            <param index="0">
              <value>
                <![CDATA[Archery]]>
              </value>
            </param>
            <param index="1">
              <value>
                <![CDATA[Bow]]>
              </value>
            </param>
          </params>
          <reporter-output>
          </reporter-output>
        </test-method> <!-- backPage -->
        <test-method is-config="true" signature="After()[pri:0, instance:com.ajio.AjioBeauty@7bd7d6d6]" started-at="2024-09-21T11:37:43Z" name="After" finished-at="2024-09-21T11:37:43Z" duration-ms="0" status="PASS">
          <reporter-output>
          </reporter-output>
        </test-method> <!-- After -->
        <test-method is-config="true" signature="close()[pri:0, instance:com.ajio.AjioBeauty@7bd7d6d6]" started-at="2024-09-21T11:37:43Z" name="close" finished-at="2024-09-21T11:37:44Z" duration-ms="542" status="PASS">
          <reporter-output>
          </reporter-output>
        </test-method> <!-- close -->
        <test-method is-config="true" signature="afterTest()[pri:0, instance:com.ajio.AjioBeauty@7bd7d6d6]" started-at="2024-09-21T11:37:44Z" name="afterTest" finished-at="2024-09-21T11:37:44Z" duration-ms="1" status="PASS">
          <reporter-output>
          </reporter-output>
        </test-method> <!-- afterTest -->
        <test-method is-config="true" signature="afterSuite()[pri:0, instance:com.ajio.AjioBeauty@7bd7d6d6]" started-at="2024-09-21T11:37:44Z" name="afterSuite" finished-at="2024-09-21T11:37:44Z" duration-ms="1" status="PASS">
          <reporter-output>
          </reporter-output>
        </test-method> <!-- afterSuite -->
      </class> <!-- com.ajio.AjioBeauty -->
    </test> <!-- Default test -->
  </suite> <!-- Default suite -->
</testng-results>
